  Parsing headers for TreningEditor
    Running UnrealHeaderTool "C:\Users\Aleksei\Documents\Unreal Projects\Trening\Trening.uproject" "C:\Users\Aleksei\Documents\Unreal Projects\Trening\Intermediate\Build\Win64\TreningEditor\Development\TreningEditor.uhtmanifest" -LogCmds="loginit warning, logexit warning, logdatabase error" -Unattended -WarningsAsErrors -abslog="C:\Users\Aleksei\AppData\Local\UnrealBuildTool\Log_UHT.txt" -installed
  Reflection code generated for TreningEditor in 5.0466191 seconds
  Building TreningEditor...
  Using Visual Studio 2019 14.26.28806 toolchain (C:\Program Files (x86)\Microsoft Visual Studio\2019\Community\VC\Tools\MSVC\14.26.28801) and Windows 10.0.18362.0 SDK (C:\Program Files (x86)\Windows Kits\10).
  Distributing 5 actions to XGE
  --------------------Build System Warning---------------------------------------
  License is invalid:
      License information is invalid. Please try reloading your license file using the Coordinator Monitor application on the Coordinator machine, or reinstall IncrediBuild.
      This build will run in standalone mode.
  
  -------------------------------------------------------------------------------
  --------------------Project: Default-------------------------------------------
  GameGrid.gen.cpp (0:24.98 at +0:00)
  Примечание: включение файла:  C:\Users\Aleksei\Documents\Unreal Projects\Trening\Intermediate\Build\Win64\UE4Editor\Development\Trening\Definitions.Trening.h
  Примечание: включение файла:  D:\Epic\Engine\UE_4.25\Engine\Source\Runtime\CoreUObject\Public\UObject/GeneratedCppIncludes.h
  Примечание: включение файла:   D:\Epic\Engine\UE_4.25\Engine\Source\Runtime\CoreUObject\Public\UObject/MetaData.h
  Примечание: включение файла:  C:\Users\Aleksei\Documents\Unreal Projects\Trening\Source\Trening/GameGrid.h
  Примечание: включение файла:   C:\Users\Aleksei\Documents\Unreal Projects\Trening\Intermediate\Build\Win64\UE4Editor\Inc\Trening\GameGrid.generated.h
EXEC : warning : unable to get MBCS string (input text '??????????: ????????? ?????: %s%s
  ', library C:\Program Files (x86)\Microsoft Visual Studio\2019\Community\VC\Tools\MSVC\14.26.28801\bin\HostX64\x64\1049\clui.dll)
  Trening.init.gen.cpp (0:01.12 at +0:25)
  Примечание: включение файла:  C:\Users\Aleksei\Documents\Unreal Projects\Trening\Intermediate\Build\Win64\UE4Editor\Development\Trening\Definitions.Trening.h
  Примечание: включение файла:  D:\Epic\Engine\UE_4.25\Engine\Source\Runtime\CoreUObject\Public\UObject/GeneratedCppIncludes.h
  Примечание: включение файла:   D:\Epic\Engine\UE_4.25\Engine\Source\Runtime\CoreUObject\Public\UObject/MetaData.h
EXEC : warning : unable to get MBCS string (input text '??????????: ????????? ?????: %s%s
  ', library C:\Program Files (x86)\Microsoft Visual Studio\2019\Community\VC\Tools\MSVC\14.26.28801\bin\HostX64\x64\1049\clui.dll)
  UE4Editor-Trening-0007.dll (0:01.31 at +0:26)
     Создается библиотека C:\Users\Aleksei\Documents\Unreal Projects\Trening\Intermediate\Build\Win64\UE4Editor\Development\Trening\UE4Editor-Trening-0007.suppressed.lib и объект C:\Users\Aleksei\Documents\Unreal Projects\Trening\Intermediate\Build\Win64\UE4Editor\Development\Trening\UE4Editor-Trening-0007.suppressed.exp
  UE4Editor-Trening-0007.lib (0:00.14 at +0:27)
     Создается библиотека C:\Users\Aleksei\Documents\Unreal Projects\Trening\Intermediate\Build\Win64\UE4Editor\Development\Trening\UE4Editor-Trening-0007.lib и объект C:\Users\Aleksei\Documents\Unreal Projects\Trening\Intermediate\Build\Win64\UE4Editor\Development\Trening\UE4Editor-Trening-0007.exp
  TreningEditor.target (0:00.32 at +0:27)
  ---------------------- Done ----------------------
  
      Rebuild All: 1 succeeded, 0 failed, 0 skipped
  
  1 build system warning(s):
     - License is invalid
  
  Total time in XGE executor: 28.21 seconds
  Total execution time: 34.17 seconds
